<?xml version="1.0" encoding="UTF-8"?>
<!-- Generated by org.testng.reporters.JUnitReportReporter -->
<testsuite hostname="Bhushan_0409" failures="0" tests="2" name="gitDemo.gitPractice.Day2Test" time="0.010" errors="0" timestamp="2024-02-16T13:43:38 IST" skipped="0">
  <testcase classname="gitDemo.gitPractice.Day2Test" name="tc1" time="0.008"/>
  <testcase classname="gitDemo.gitPractice.Day2Test" name="tc2" time="0.002"/>
</testsuite> <!-- gitDemo.gitPractice.Day2Test -->
